0 verbose cli [
0 verbose cli   '/usr/local/nvm/versions/node/v12.14.1/bin/node',
0 verbose cli   '/usr/local/nvm/versions/node/v12.14.1/bin/npm',
0 verbose cli   'install'
0 verbose cli ]
1 info using npm@8.5.0
2 info using node@v12.14.1
3 timing npm:load:whichnode Completed in 0ms
4 timing config:load:defaults Completed in 1ms
5 timing config:load:file:/usr/local/nvm/versions/node/v12.14.1/lib/node_modules/npm/npmrc Completed in 2ms
6 timing config:load:builtin Completed in 2ms
7 timing config:load:cli Completed in 2ms
8 timing config:load:env Completed in 0ms
9 timing config:load:file:/home/user119/sample-master/external/.npmrc Completed in 0ms
10 timing config:load:project Completed in 5ms
11 timing config:load:file:/home/user119/.npmrc Completed in 0ms
12 timing config:load:user Completed in 0ms
13 timing config:load:file:/usr/local/nvm/versions/node/v12.14.1/etc/npmrc Completed in 0ms
14 timing config:load:global Completed in 0ms
15 timing config:load:validate Completed in 0ms
16 timing config:load:credentials Completed in 1ms
17 timing config:load:setEnvs Completed in 1ms
18 timing config:load Completed in 12ms
19 timing npm:load:configload Completed in 13ms
20 timing npm:load:setTitle Completed in 1ms
21 timing config:load:flatten Completed in 2ms
22 timing npm:load:display Completed in 4ms
23 verbose logfile /home/user119/.npm/_logs/2022-03-01T18_27_53_039Z-debug-0.log
24 timing npm:load:logFile Completed in 5ms
25 timing npm:load:timers Completed in 0ms
26 timing npm:load:configScope Completed in 0ms
27 timing npm:load Completed in 23ms
28 timing arborist:ctor Completed in 1ms
29 timing idealTree:init Completed in 291ms
30 timing idealTree:userRequests Completed in 0ms
31 silly idealTree buildDeps
32 timing idealTree:#root Completed in 0ms
33 timing idealTree:buildDeps Completed in 2ms
34 timing idealTree:fixDepFlags Completed in 0ms
35 timing idealTree Completed in 300ms
36 timing arborist:ctor Completed in 0ms
37 timing reify:loadTrees Completed in 552ms
38 timing reify:diffTrees Completed in 9ms
39 silly reify moves {}
40 timing reify:retireShallow Completed in 1ms
41 timing reify:createSparse Completed in 0ms
42 timing reify:loadBundles Completed in 0ms
43 silly audit bulk request {
43 silly audit   '@babel/code-frame': [ '7.5.5' ],
43 silly audit   '@babel/generator': [ '7.5.5' ],
43 silly audit   'source-map': [ '0.5.7', '0.6.1' ],
43 silly audit   '@babel/helper-function-name': [ '7.1.0' ],
43 silly audit   '@babel/helper-get-function-arity': [ '7.0.0' ],
43 silly audit   '@babel/helper-split-export-declaration': [ '7.4.4' ],
43 silly audit   '@babel/highlight': [ '7.5.0' ],
43 silly audit   '@babel/parser': [ '7.5.5' ],
43 silly audit   '@babel/template': [ '7.4.4' ],
43 silly audit   '@babel/traverse': [ '7.5.5' ],
43 silly audit   debug: [ '4.1.1', '2.6.9', '3.2.6' ],
43 silly audit   '@babel/types': [ '7.5.5' ],
43 silly audit   accepts: [ '1.3.7' ],
43 silly audit   ajv: [ '6.12.2' ],
43 silly audit   'ansi-colors': [ '3.2.3' ],
43 silly audit   'ansi-regex': [ '3.0.0', '4.1.0', '2.1.1' ],
43 silly audit   'ansi-styles': [ '3.2.1' ],
43 silly audit   'append-transform': [ '1.0.0' ],
43 silly audit   archy: [ '1.0.0' ],
43 silly audit   argparse: [ '1.0.10' ],
43 silly audit   'array-flatten': [ '1.1.1' ],
43 silly audit   asap: [ '2.0.6' ],
43 silly audit   asn1: [ '0.2.4' ],
43 silly audit   'assert-plus': [ '1.0.0' ],
43 silly audit   'assertion-error': [ '1.1.0' ],
43 silly audit   asynckit: [ '0.4.0' ],
43 silly audit   'aws-sign2': [ '0.7.0' ],
43 silly audit   aws4: [ '1.9.1' ],
43 silly audit   'balanced-match': [ '1.0.0' ],
43 silly audit   'bcrypt-pbkdf': [ '1.0.2' ],
43 silly audit   'body-parser': [ '1.19.0' ],
43 silly audit   ms: [ '2.0.0', '2.1.1' ],
43 silly audit   qs: [ '6.7.0', '6.8.0', '6.5.2' ],
43 silly audit   'brace-expansion': [ '1.1.11' ],
43 silly audit   'browser-stdout': [ '1.3.1' ],
43 silly audit   bytes: [ '3.1.0' ],
43 silly audit   'caching-transform': [ '3.0.2' ],
43 silly audit   camelcase: [ '5.3.1' ],
43 silly audit   caseless: [ '0.12.0' ],
43 silly audit   chai: [ '4.2.0' ],
43 silly audit   chalk: [ '2.4.2' ],
43 silly audit   'supports-color': [ '5.5.0', '6.1.0', '6.0.0' ],
43 silly audit   'check-error': [ '1.0.2' ],
43 silly audit   cliui: [ '4.1.0', '5.0.0' ],
43 silly audit   'code-point-at': [ '1.1.0' ],
43 silly audit   'color-convert': [ '1.9.3' ],
43 silly audit   'color-name': [ '1.1.3' ],
43 silly audit   'combined-stream': [ '1.0.8' ],
43 silly audit   commander: [ '2.20.3' ],
43 silly audit   commondir: [ '1.0.1' ],
43 silly audit   'component-emitter': [ '1.3.0' ],
43 silly audit   'concat-map': [ '0.0.1' ],
43 silly audit   'content-disposition': [ '0.5.3' ],
43 silly audit   'content-type': [ '1.0.4' ],
43 silly audit   'convert-source-map': [ '1.6.0' ],
43 silly audit   cookie: [ '0.4.0' ],
43 silly audit   'cookie-signature': [ '1.0.6' ],
43 silly audit   cookiejar: [ '2.1.2' ],
43 silly audit   'core-util-is': [ '1.0.2' ],
43 silly audit   'cp-file': [ '6.2.0' ],
43 silly audit   'cross-spawn': [ '6.0.5', '4.0.2' ],
43 silly audit   dashdash: [ '1.14.1' ],
43 silly audit   decamelize: [ '1.2.0' ],
43 silly audit   'deep-eql': [ '3.0.1' ],
43 silly audit   'deep-equal': [ '1.1.0' ],
43 silly audit   'default-require-extensions': [ '2.0.0' ],
43 silly audit   'define-properties': [ '1.1.3' ],
43 silly audit   'delayed-stream': [ '1.0.0' ],
43 silly audit   depd: [ '1.1.2' ],
43 silly audit   destroy: [ '1.0.4' ],
43 silly audit   diff: [ '3.5.0' ],
43 silly audit   'ecc-jsbn': [ '0.1.2' ],
43 silly audit   'ee-first': [ '1.1.1' ],
43 silly audit   'emoji-regex': [ '7.0.3' ],
43 silly audit   encodeurl: [ '1.0.2' ],
43 silly audit   'end-of-stream': [ '1.4.1' ],
43 silly audit   'error-ex': [ '1.3.2' ],
43 silly audit   'es-abstract': [ '1.17.5' ],
43 silly audit   'has-symbols': [ '1.0.1', '1.0.0' ],
43 silly audit   'is-regex': [ '1.0.5', '1.0.4' ],
43 silly audit   'es-to-primitive': [ '1.2.1' ],
43 silly audit   'es6-error': [ '4.1.1' ],
43 silly audit   'escape-html': [ '1.0.3' ],
43 silly audit   'escape-string-regexp': [ '1.0.5' ],
43 silly audit   esprima: [ '4.0.1' ],
43 silly audit   esutils: [ '2.0.3' ],
43 silly audit   etag: [ '1.8.1' ],
43 silly audit   execa: [ '1.0.0' ],
43 silly audit   express: [ '4.17.1' ],
43 silly audit   'express-handlebars': [ '3.1.0' ],
43 silly audit   extend: [ '3.0.2' ],
43 silly audit   extsprintf: [ '1.3.0' ],
43 silly audit   'fast-deep-equal': [ '3.1.1' ],
43 silly audit   'fast-json-stable-stringify': [ '2.1.0' ],
43 silly audit   finalhandler: [ '1.1.2' ],
43 silly audit   'find-cache-dir': [ '2.1.0' ],
43 silly audit   'find-up': [ '3.0.0' ],
43 silly audit   flat: [ '4.1.0' ],
43 silly audit   'foreground-child': [ '1.5.6' ],
43 silly audit   'forever-agent': [ '0.6.1' ],
43 silly audit   'form-data': [ '2.5.0', '2.3.3' ],
43 silly audit   formidable: [ '1.2.1' ],
43 silly audit   forwarded: [ '0.1.2' ],
43 silly audit   fresh: [ '0.5.2' ],
43 silly audit   'fs.realpath': [ '1.0.0' ],
43 silly audit   'function-bind': [ '1.1.1' ],
43 silly audit   'get-caller-file': [ '2.0.5' ],
43 silly audit   'get-func-name': [ '2.0.0' ],
43 silly audit   'get-stream': [ '4.1.0' ],
43 silly audit   getpass: [ '0.1.7' ],
43 silly audit   glob: [ '7.1.3' ],
43 silly audit   globals: [ '11.12.0' ],
43 silly audit   'graceful-fs': [ '4.2.2' ],
43 silly audit   growl: [ '1.10.5' ],
43 silly audit   handlebars: [ '4.7.7' ],
43 silly audit   minimist: [ '1.2.5' ],
43 silly audit   'har-schema': [ '2.0.0' ],
43 silly audit   'har-validator': [ '5.1.3' ],
43 silly audit   has: [ '1.0.3' ],
43 silly audit   'has-flag': [ '3.0.0' ],
43 silly audit   hasha: [ '3.0.0' ],
43 silly audit   he: [ '1.2.0' ],
43 silly audit   'hosted-git-info': [ '2.8.9' ],
43 silly audit   'html-escaper': [ '2.0.2' ],
43 silly audit   'http-errors': [ '1.7.2' ],
43 silly audit   inherits: [ '2.0.3', '2.0.4' ],
43 silly audit   'http-signature': [ '1.2.0' ],
43 silly audit   'iconv-lite': [ '0.4.24' ],
43 silly audit   imurmurhash: [ '0.1.4' ],
43 silly audit   inflight: [ '1.0.6' ],
43 silly audit   'invert-kv': [ '2.0.0' ],
43 silly audit   'ipaddr.js': [ '1.9.0' ],
43 silly audit   'is-arguments': [ '1.0.4' ],
43 silly audit   'is-arrayish': [ '0.2.1' ],
43 silly audit   'is-buffer': [ '2.0.4' ],
43 silly audit   'is-callable': [ '1.1.5' ],
43 silly audit   'is-date-object': [ '1.0.1' ],
43 silly audit   'is-fullwidth-code-point': [ '2.0.0', '1.0.0' ],
43 silly audit   'is-stream': [ '1.1.0' ],
43 silly audit   'is-symbol': [ '1.0.3' ],
43 silly audit   'is-typedarray': [ '1.0.0' ],
43 silly audit   isarray: [ '1.0.0' ],
43 silly audit   isexe: [ '2.0.0' ],
43 silly audit   isstream: [ '0.1.2' ],
43 silly audit   'istanbul-lib-coverage': [ '2.0.5' ],
43 silly audit   'istanbul-lib-hook': [ '2.0.7' ],
43 silly audit   'istanbul-lib-instrument': [ '3.3.0' ],
43 silly audit   semver: [ '6.3.0', '5.7.1' ],
43 silly audit   'istanbul-lib-report': [ '2.0.8' ],
43 silly audit   'istanbul-lib-source-maps': [ '3.0.6' ],
43 silly audit   'istanbul-reports': [ '2.2.7' ],
43 silly audit   'js-tokens': [ '4.0.0' ],
43 silly audit   'js-yaml': [ '3.13.1' ],
43 silly audit   jsbn: [ '0.1.1' ],
43 silly audit   jsesc: [ '2.5.2' ],
43 silly audit   'json-parse-better-errors': [ '1.0.2' ],
43 silly audit   'json-schema': [ '0.2.3' ],
43 silly audit   'json-schema-traverse': [ '0.4.1' ],
43 silly audit   'json-stringify-safe': [ '5.0.1' ],
43 silly audit   jsprim: [ '1.4.1' ],
43 silly audit   lcid: [ '2.0.0' ],
43 silly audit   'load-json-file': [ '4.0.0' ],
43 silly audit   pify: [ '3.0.0', '4.0.1' ],
43 silly audit   'locate-path': [ '3.0.0' ],
43 silly audit   lodash: [ '4.17.21' ],
43 silly audit   'lodash.flattendeep': [ '4.4.0' ],
43 silly audit   'log-symbols': [ '2.2.0' ],
43 silly audit   'lru-cache': [ '4.1.5' ],
43 silly audit   'make-dir': [ '2.1.0' ],
43 silly audit   'map-age-cleaner': [ '0.1.3' ],
43 silly audit   'media-typer': [ '0.3.0' ],
43 silly audit   mem: [ '4.3.0' ],
43 silly audit   'merge-descriptors': [ '1.0.1' ],
43 silly audit   'merge-source-map': [ '1.1.0' ],
43 silly audit   methods: [ '1.1.2' ],
43 silly audit   mime: [ '1.6.0' ],
43 silly audit   'mime-db': [ '1.40.0' ],
43 silly audit   'mime-types': [ '2.1.24' ],
43 silly audit   'mimic-fn': [ '2.1.0' ],
43 silly audit   minimatch: [ '3.0.4' ],
43 silly audit   mkdirp: [ '0.5.5', '0.5.4' ],
43 silly audit   mocha: [ '6.2.3' ],
43 silly audit   'string-width': [ '3.1.0', '2.1.1', '1.0.2' ],
43 silly audit   'strip-ansi': [ '5.2.0', '4.0.0', '3.0.1' ],
43 silly audit   'wrap-ansi': [ '5.1.0', '2.1.0' ],
43 silly audit   yargs: [ '13.3.2', '13.2.2' ],
43 silly audit   'yargs-parser': [ '13.1.2' ],
43 silly audit   negotiator: [ '0.6.2' ],
43 silly audit   'neo-async': [ '2.6.1' ],
43 silly audit   'nested-error-stacks': [ '2.1.0' ],
43 silly audit   'nice-try': [ '1.0.5' ],
43 silly audit   nock: [ '10.0.6' ],
43 silly audit   'node-environment-flags': [ '1.0.5' ],
43 silly audit   'normalize-package-data': [ '2.5.0' ],
43 silly audit   'npm-run-path': [ '2.0.2' ],
43 silly audit   'number-is-nan': [ '1.0.1' ],
43 silly audit   nyc: [ '14.1.1' ],
43 silly audit   'oauth-sign': [ '0.9.0' ],
43 silly audit   'object-inspect': [ '1.7.0' ],
43 silly audit   'object-is': [ '1.0.1' ],
43 silly audit   'object-keys': [ '1.1.1' ],
43 silly audit   'object.assign': [ '4.1.0' ],
43 silly audit   'object.getownpropertydescriptors': [ '2.1.0' ],
43 silly audit   'on-finished': [ '2.3.0' ],
43 silly audit   once: [ '1.4.0' ],
43 silly audit   'os-homedir': [ '1.0.2' ],
43 silly audit   'os-locale': [ '3.1.0' ],
43 silly audit   'p-defer': [ '1.0.0' ],
43 silly audit   'p-finally': [ '1.0.0' ],
43 silly audit   'p-is-promise': [ '2.1.0' ],
43 silly audit   'p-limit': [ '2.2.1' ],
43 silly audit   'p-locate': [ '3.0.0' ],
43 silly audit   'p-try': [ '2.2.0' ],
43 silly audit   'package-hash': [ '3.0.0' ],
43 silly audit   'parse-json': [ '4.0.0' ],
43 silly audit   parseurl: [ '1.3.3' ],
43 silly audit   'path-exists': [ '3.0.0' ],
43 silly audit   'path-is-absolute': [ '1.0.1' ],
43 silly audit   'path-key': [ '2.0.1' ],
43 silly audit   'path-parse': [ '1.0.7' ],
43 silly audit   'path-to-regexp': [ '0.1.7' ],
43 silly audit   'path-type': [ '3.0.0' ],
43 silly audit   pathval: [ '1.1.0' ],
43 silly audit   'performance-now': [ '2.1.0' ],
43 silly audit   'pkg-dir': [ '3.0.0' ],
43 silly audit   'process-nextick-args': [ '2.0.1' ],
43 silly audit   promise: [ '8.0.3' ],
43 silly audit   propagate: [ '1.0.0' ],
43 silly audit   'proxy-addr': [ '2.0.5' ],
43 silly audit   pseudomap: [ '1.0.2' ],
43 silly audit   psl: [ '1.8.0' ],
43 silly audit   pump: [ '3.0.0' ],
43 silly audit   punycode: [ '2.1.1' ],
43 silly audit   'range-parser': [ '1.2.1' ],
43 silly audit   'raw-body': [ '2.4.0' ],
43 silly audit   'read-pkg': [ '3.0.0' ],
43 silly audit   'read-pkg-up': [ '4.0.0' ],
43 silly audit   'readable-stream': [ '2.3.6' ],
43 silly audit   'regexp.prototype.flags': [ '1.2.0' ],
43 silly audit   'release-zalgo': [ '1.0.0' ],
43 silly audit   request: [ '2.88.2' ],
43 silly audit   'require-directory': [ '2.1.1' ],
43 silly audit   'require-main-filename': [ '2.0.0' ],
43 silly audit   resolve: [ '1.12.0' ],
43 silly audit   'resolve-from': [ '4.0.0' ],
43 silly audit   rimraf: [ '2.7.1' ],
43 silly audit   'safe-buffer': [ '5.1.2' ],
43 silly audit   'safer-buffer': [ '2.1.2' ],
43 silly audit   send: [ '0.17.1' ],
43 silly audit   'serve-static': [ '1.14.1' ],
43 silly audit   'set-blocking': [ '2.0.0' ],
43 silly audit   setprototypeof: [ '1.1.1' ],
43 silly audit   'shebang-command': [ '1.2.0' ],
43 silly audit   'shebang-regex': [ '1.0.0' ],
43 silly audit   'signal-exit': [ '3.0.2' ],
43 silly audit   'spawn-wrap': [ '1.4.3' ],
43 silly audit   'spdx-correct': [ '3.1.0' ],
43 silly audit   'spdx-exceptions': [ '2.2.0' ],
43 silly audit   'spdx-expression-parse': [ '3.0.0' ],
43 silly audit   'spdx-license-ids': [ '3.0.5' ],
43 silly audit   'sprintf-js': [ '1.0.3' ],
43 silly audit   sshpk: [ '1.16.1' ],
43 silly audit   statuses: [ '1.5.0' ],
43 silly audit   string_decoder: [ '1.1.1' ],
43 silly audit   'string.prototype.trimend': [ '1.0.1' ],
43 silly audit   'string.prototype.trimleft': [ '2.1.2' ],
43 silly audit   'string.prototype.trimright': [ '2.1.2' ],
43 silly audit   'string.prototype.trimstart': [ '1.0.1' ],
43 silly audit   'strip-bom': [ '3.0.0' ],
43 silly audit   'strip-eof': [ '1.0.0' ],
43 silly audit   'strip-json-comments': [ '2.0.1' ],
43 silly audit   superagent: [ '3.8.3' ],
43 silly audit   supertest: [ '4.0.2' ],
43 silly audit   'test-exclude': [ '5.2.3' ],
43 silly audit   'to-fast-properties': [ '2.0.0' ],
43 silly audit   toidentifier: [ '1.0.0' ],
43 silly audit   'tough-cookie': [ '2.5.0' ],
43 silly audit   'trim-right': [ '1.0.1' ],
43 silly audit   'tunnel-agent': [ '0.6.0' ],
43 silly audit   tweetnacl: [ '0.14.5' ],
43 silly audit   'type-detect': [ '4.0.8' ],
43 silly audit   'type-is': [ '1.6.18' ],
43 silly audit   'uglify-js': [ '3.9.2' ],
43 silly audit   unpipe: [ '1.0.0' ],
43 silly audit   'uri-js': [ '4.2.2' ],
43 silly audit   'util-deprecate': [ '1.0.2' ],
43 silly audit   'utils-merge': [ '1.0.1' ],
43 silly audit   uuid: [ '3.3.3' ],
43 silly audit   'validate-npm-package-license': [ '3.0.4' ],
43 silly audit   vary: [ '1.1.2' ],
43 silly audit   verror: [ '1.10.0' ],
43 silly audit   which: [ '1.3.1' ],
43 silly audit   'which-module': [ '2.0.0' ],
43 silly audit   'wide-align': [ '1.1.3' ],
43 silly audit   wordwrap: [ '1.0.0' ],
43 silly audit   wrappy: [ '1.0.2' ],
43 silly audit   'write-file-atomic': [ '2.4.3' ],
43 silly audit   y18n: [ '4.0.3' ],
43 silly audit   yallist: [ '2.1.2' ],
43 silly audit   'yargs-unparser': [ '1.6.0' ]
43 silly audit }
44 timing reify:unpack Completed in 2ms
45 timing reify:unretire Completed in 0ms
46 timing build:queue Completed in 0ms
47 timing build:deps Completed in 1ms
48 timing build Completed in 1ms
49 timing reify:build Completed in 1ms
50 timing reify:trash Completed in 0ms
51 timing reify:save Completed in 76ms
52 http fetch POST 200 https://registry.npmjs.org/-/npm/v1/security/advisories/bulk 263ms
53 timing auditReport:getReport Completed in 270ms
54 silly audit report {
54 silly audit report   'json-schema': [
54 silly audit report     {
54 silly audit report       id: 1006724,
54 silly audit report       url: 'https://github.com/advisories/GHSA-896r-f27r-55mw',
54 silly audit report       title: 'json-schema is vulnerable to Prototype Pollution',
54 silly audit report       severity: 'moderate',
54 silly audit report       vulnerable_versions: '<0.4.0'
54 silly audit report     }
54 silly audit report   ],
54 silly audit report   'ansi-regex': [
54 silly audit report     {
54 silly audit report       id: 1004946,
54 silly audit report       url: 'https://github.com/advisories/GHSA-93q8-gq69-wqmw',
54 silly audit report       title: ' Inefficient Regular Expression Complexity in chalk/ansi-regex',
54 silly audit report       severity: 'moderate',
54 silly audit report       vulnerable_versions: '>2.1.1 <5.0.1'
54 silly audit report     }
54 silly audit report   ],
54 silly audit report   pathval: [
54 silly audit report     {
54 silly audit report       id: 1006986,
54 silly audit report       url: 'https://github.com/advisories/GHSA-g6ww-v8xp-vmwg',
54 silly audit report       title: 'Prototype pollution in pathval',
54 silly audit report       severity: 'high',
54 silly audit report       vulnerable_versions: '<1.1.1'
54 silly audit report     }
54 silly audit report   ],
54 silly audit report   'express-handlebars': [
54 silly audit report     {
54 silly audit report       id: 1006992,
54 silly audit report       url: 'https://github.com/advisories/GHSA-fr76-2wp8-fp92',
54 silly audit report       title: 'Insecure template handling in Express-handlebars',
54 silly audit report       severity: 'high',
54 silly audit report       vulnerable_versions: '<5.3.1'
54 silly audit report     }
54 silly audit report   ],
54 silly audit report   ajv: [
54 silly audit report     {
54 silly audit report       id: 1007017,
54 silly audit report       url: 'https://github.com/advisories/GHSA-v88g-cgmw-v5xw',
54 silly audit report       title: 'Prototype Pollution in Ajv',
54 silly audit report       severity: 'moderate',
54 silly audit report       vulnerable_versions: '<6.12.3'
54 silly audit report     }
54 silly audit report   ]
54 silly audit report }
55 timing metavuln:cache:get:security-advisory:json-schema:uVcBWD+ZqHJKVkSGOfO4yK+HybE/AV72re+WaiTN0a2jxKtVzp8MsDQW6mQ0NhRBKqqxq93dEUVYTqaY6Vbrlw== Completed in 15ms
56 timing metavuln:cache:get:security-advisory:ansi-regex:gipfqiXURkkimm8+IyoEer5YC1ntqyorXe7xXSHfbxT4Q2N0cl4sjpCXLBfNQSZpCf2C6BCCpq61JXzBTOWL+g== Completed in 13ms
57 timing metavuln:cache:get:security-advisory:pathval:gmi+jGnevQE6pob6gtaGpIrMcPmn8a0cH749+UyuxYHEdEQR8A1w8chudrAoyxRG2fZDYdRws29BBZ3mdp94jw== Completed in 12ms
58 timing metavuln:cache:get:security-advisory:express-handlebars:Rhk2T8xsqw0UecQazZCw1PfbfP7ZHEsVpKLoHFIqDl0YU/xDkwELfx9w0gSxOp/pw06q6neFni7MItU1qbBPuw== Completed in 12ms
59 timing metavuln:cache:get:security-advisory:ajv:dgHqh+ubLcKJvSovv40kxpuwQBGi34nK3GcUfwxi1VVSMsYivHBd9wARyr8eNAiWStI2J/9cPi5tkCvzLP+P3g== Completed in 12ms
60 http fetch GET 200 https://registry.npmjs.org/ansi-regex 30ms (cache hit)
61 timing metavuln:packument:ansi-regex Completed in 30ms
62 timing metavuln:load:security-advisory:ansi-regex:1004946 Completed in 0ms
63 timing metavuln:calculate:security-advisory:ansi-regex:1004946 Completed in 32ms
64 http fetch GET 200 https://registry.npmjs.org/pathval 39ms (cache hit)
65 timing metavuln:packument:pathval Completed in 40ms
66 timing metavuln:load:security-advisory:pathval:1006986 Completed in 0ms
67 timing metavuln:calculate:security-advisory:pathval:1006986 Completed in 40ms
68 http fetch GET 200 https://registry.npmjs.org/json-schema 53ms (cache revalidated)
69 timing metavuln:packument:json-schema Completed in 54ms
70 timing metavuln:load:security-advisory:json-schema:1006724 Completed in 0ms
71 timing metavuln:calculate:security-advisory:json-schema:1006724 Completed in 55ms
72 http fetch GET 200 https://registry.npmjs.org/ajv 103ms (cache revalidated)
73 timing metavuln:packument:ajv Completed in 108ms
74 timing metavuln:load:security-advisory:ajv:1007017 Completed in 4ms
75 timing metavuln:calculate:security-advisory:ajv:1007017 Completed in 112ms
76 http fetch GET 200 https://registry.npmjs.org/express-handlebars 119ms (cache revalidated)
77 timing metavuln:packument:express-handlebars Completed in 121ms
78 timing metavuln:load:security-advisory:express-handlebars:1006992 Completed in 2ms
79 timing metavuln:calculate:security-advisory:express-handlebars:1006992 Completed in 123ms
80 timing metavuln:cache:get:security-advisory:jsprim:QRwmQiuv2v1qSgbUQnnOq/BCmkS2/L/UCMZqttFxXCKmhngjXz/Emg8LJqaGEEX8q+I+K+Nu9HfxA4IDuytApA== Completed in 2ms
81 http fetch GET 200 https://registry.npmjs.org/jsprim 49ms (cache revalidated)
82 timing metavuln:packument:jsprim Completed in 50ms
83 timing metavuln:load:security-advisory:jsprim:uVcBWD+ZqHJKVkSGOfO4yK+HybE/AV72re+WaiTN0a2jxKtVzp8MsDQW6mQ0NhRBKqqxq93dEUVYTqaY6Vbrlw== Completed in 1ms
84 timing metavuln:calculate:security-advisory:jsprim:uVcBWD+ZqHJKVkSGOfO4yK+HybE/AV72re+WaiTN0a2jxKtVzp8MsDQW6mQ0NhRBKqqxq93dEUVYTqaY6Vbrlw== Completed in 51ms
85 timing metavuln:cache:get:security-advisory:strip-ansi:VNH7BZLDPXeb+XyBHjziFezTzkb3wUEeYZF30Shwpq+9ErFf3ja9WpDN5+1N0ZmzJRrF78Jsd1Rv6URhv1/2cQ== Completed in 3ms
86 http fetch GET 200 https://registry.npmjs.org/strip-ansi 5ms (cache hit)
87 timing metavuln:packument:strip-ansi Completed in 6ms
88 timing metavuln:load:security-advisory:strip-ansi:gipfqiXURkkimm8+IyoEer5YC1ntqyorXe7xXSHfbxT4Q2N0cl4sjpCXLBfNQSZpCf2C6BCCpq61JXzBTOWL+g== Completed in 0ms
89 timing metavuln:calculate:security-advisory:strip-ansi:gipfqiXURkkimm8+IyoEer5YC1ntqyorXe7xXSHfbxT4Q2N0cl4sjpCXLBfNQSZpCf2C6BCCpq61JXzBTOWL+g== Completed in 6ms
90 timing metavuln:cache:get:security-advisory:chai:HEceOi5jvHH4iYSaAj3TlVxBTrlxKhVeUFk7qMtFL2WZU0URq/ajQ2vqEQIndc6ia9FCcFZHGxXDxzwELGL3ng== Completed in 4ms
91 http fetch GET 200 https://registry.npmjs.org/chai 5ms (cache hit)
92 timing metavuln:packument:chai Completed in 7ms
93 timing metavuln:load:security-advisory:chai:gmi+jGnevQE6pob6gtaGpIrMcPmn8a0cH749+UyuxYHEdEQR8A1w8chudrAoyxRG2fZDYdRws29BBZ3mdp94jw== Completed in 0ms
94 timing metavuln:calculate:security-advisory:chai:gmi+jGnevQE6pob6gtaGpIrMcPmn8a0cH749+UyuxYHEdEQR8A1w8chudrAoyxRG2fZDYdRws29BBZ3mdp94jw== Completed in 7ms
95 timing metavuln:cache:get:security-advisory:har-validator:XR16cr36xi7nP5jBFhOVMlKB5g/eiV/Mlh+o525PpywyLNSE6rEJ745zioxYVLFkr2vnXUZYNMDwfpqsS0GVqA== Completed in 2ms
96 http fetch GET 200 https://registry.npmjs.org/har-validator 31ms (cache revalidated)
97 timing metavuln:packument:har-validator Completed in 32ms
98 timing metavuln:load:security-advisory:har-validator:dgHqh+ubLcKJvSovv40kxpuwQBGi34nK3GcUfwxi1VVSMsYivHBd9wARyr8eNAiWStI2J/9cPi5tkCvzLP+P3g== Completed in 0ms
99 timing metavuln:calculate:security-advisory:har-validator:dgHqh+ubLcKJvSovv40kxpuwQBGi34nK3GcUfwxi1VVSMsYivHBd9wARyr8eNAiWStI2J/9cPi5tkCvzLP+P3g== Completed in 33ms
100 timing metavuln:cache:get:security-advisory:http-signature:upm1syltaQQk+WBKtPw6YsBaxj+CsFA5RzQpT8BTsGTeKtaQDFI39vz+ktDswUws3m15VM18TZja0+/1k69g7Q== Completed in 2ms
101 http fetch GET 200 https://registry.npmjs.org/http-signature 35ms (cache revalidated)
102 timing metavuln:packument:http-signature Completed in 36ms
103 timing metavuln:load:security-advisory:http-signature:QRwmQiuv2v1qSgbUQnnOq/BCmkS2/L/UCMZqttFxXCKmhngjXz/Emg8LJqaGEEX8q+I+K+Nu9HfxA4IDuytApA== Completed in 0ms
104 timing metavuln:calculate:security-advisory:http-signature:QRwmQiuv2v1qSgbUQnnOq/BCmkS2/L/UCMZqttFxXCKmhngjXz/Emg8LJqaGEEX8q+I+K+Nu9HfxA4IDuytApA== Completed in 36ms
105 timing metavuln:cache:get:security-advisory:cliui:7d3FZGcI3zHMZwOEJ7z64Yya3CeS8V9Yp1mUPqnkRhYfe1AhvBDG2H8PbANiJB6NNtMXuaGQGEmGWKyUIVPg3w== Completed in 5ms
106 timing metavuln:cache:get:security-advisory:string-width:z8iR7PVusZCDbQbpBbfUOlp4nWW5lica+XU9Ck0Wj4d793LOue6orGcnetE+RgMcvOtyfG+VyOfSi0Yzr3ZiWw== Completed in 5ms
107 timing metavuln:cache:get:security-advisory:wrap-ansi:GHlqgCTSc3dwtjMoQl6niHwnwCGUim0UjGppBrfJQzwA3E5oOFtnX/Dq+IC4H0kqX6j5CocvPBNIsu8VJbeufA== Completed in 4ms
108 http fetch GET 200 https://registry.npmjs.org/cliui 10ms (cache hit)
109 timing metavuln:packument:cliui Completed in 10ms
110 timing metavuln:load:security-advisory:cliui:VNH7BZLDPXeb+XyBHjziFezTzkb3wUEeYZF30Shwpq+9ErFf3ja9WpDN5+1N0ZmzJRrF78Jsd1Rv6URhv1/2cQ== Completed in 0ms
111 timing metavuln:calculate:security-advisory:cliui:VNH7BZLDPXeb+XyBHjziFezTzkb3wUEeYZF30Shwpq+9ErFf3ja9WpDN5+1N0ZmzJRrF78Jsd1Rv6URhv1/2cQ== Completed in 11ms
112 http fetch GET 200 https://registry.npmjs.org/string-width 10ms (cache hit)
113 timing metavuln:packument:string-width Completed in 11ms
114 timing metavuln:load:security-advisory:string-width:VNH7BZLDPXeb+XyBHjziFezTzkb3wUEeYZF30Shwpq+9ErFf3ja9WpDN5+1N0ZmzJRrF78Jsd1Rv6URhv1/2cQ== Completed in 0ms
115 timing metavuln:calculate:security-advisory:string-width:VNH7BZLDPXeb+XyBHjziFezTzkb3wUEeYZF30Shwpq+9ErFf3ja9WpDN5+1N0ZmzJRrF78Jsd1Rv6URhv1/2cQ== Completed in 11ms
116 http fetch GET 200 https://registry.npmjs.org/wrap-ansi 11ms (cache hit)
117 timing metavuln:packument:wrap-ansi Completed in 11ms
118 timing metavuln:load:security-advisory:wrap-ansi:VNH7BZLDPXeb+XyBHjziFezTzkb3wUEeYZF30Shwpq+9ErFf3ja9WpDN5+1N0ZmzJRrF78Jsd1Rv6URhv1/2cQ== Completed in 0ms
119 timing metavuln:calculate:security-advisory:wrap-ansi:VNH7BZLDPXeb+XyBHjziFezTzkb3wUEeYZF30Shwpq+9ErFf3ja9WpDN5+1N0ZmzJRrF78Jsd1Rv6URhv1/2cQ== Completed in 11ms
120 timing metavuln:cache:get:security-advisory:yargs:sEQW/iRTpyQRNB6hQsxF7xOlMLlyV4sqa2brC9oz1fcV33UocNP/jtG9oNUHw7v4JTvcrzNRdQEGFoHvXqJiXA== Completed in 1ms
121 http fetch GET 200 https://registry.npmjs.org/yargs 6ms (cache hit)
122 timing metavuln:packument:yargs Completed in 9ms
123 timing metavuln:load:security-advisory:yargs:7d3FZGcI3zHMZwOEJ7z64Yya3CeS8V9Yp1mUPqnkRhYfe1AhvBDG2H8PbANiJB6NNtMXuaGQGEmGWKyUIVPg3w== Completed in 4ms
124 timing metavuln:calculate:security-advisory:yargs:7d3FZGcI3zHMZwOEJ7z64Yya3CeS8V9Yp1mUPqnkRhYfe1AhvBDG2H8PbANiJB6NNtMXuaGQGEmGWKyUIVPg3w== Completed in 15ms
125 timing metavuln:cache:get:security-advisory:cliui:2gbc6+LrUTrmS9/1of6t2ConpwkXUvhGLxrWKb9OKsYXzelT/nvJ8pLGFowk0Q0AAL7vm/IAl6mjO77yfQ1FlA== Completed in 4ms
126 timing metavuln:load:security-advisory:cliui:z8iR7PVusZCDbQbpBbfUOlp4nWW5lica+XU9Ck0Wj4d793LOue6orGcnetE+RgMcvOtyfG+VyOfSi0Yzr3ZiWw== Completed in 1ms
127 timing metavuln:calculate:security-advisory:cliui:z8iR7PVusZCDbQbpBbfUOlp4nWW5lica+XU9Ck0Wj4d793LOue6orGcnetE+RgMcvOtyfG+VyOfSi0Yzr3ZiWw== Completed in 5ms
128 timing metavuln:cache:get:security-advisory:wrap-ansi:bBNGWPaeIczlySXOiHEe7fItDCJRl0j7uIYLEUVtmxvynJ8Jub47NupYgKQyGIiFZF6n3QExmGhvEjwo4bV+Hw== Completed in 5ms
129 timing metavuln:load:security-advisory:wrap-ansi:z8iR7PVusZCDbQbpBbfUOlp4nWW5lica+XU9Ck0Wj4d793LOue6orGcnetE+RgMcvOtyfG+VyOfSi0Yzr3ZiWw== Completed in 0ms
130 timing metavuln:calculate:security-advisory:wrap-ansi:z8iR7PVusZCDbQbpBbfUOlp4nWW5lica+XU9Ck0Wj4d793LOue6orGcnetE+RgMcvOtyfG+VyOfSi0Yzr3ZiWw== Completed in 5ms
131 timing metavuln:cache:get:security-advisory:yargs:BOa2Al3idP5OlOreEdnVQi68smAzGPOhWohGdtS8trVu5DacMa8X/tmqHH8v0P7xOBCZgrfoFATVy/B3qs1pTg== Completed in 6ms
132 timing metavuln:load:security-advisory:yargs:z8iR7PVusZCDbQbpBbfUOlp4nWW5lica+XU9Ck0Wj4d793LOue6orGcnetE+RgMcvOtyfG+VyOfSi0Yzr3ZiWw== Completed in 2ms
133 timing metavuln:calculate:security-advisory:yargs:z8iR7PVusZCDbQbpBbfUOlp4nWW5lica+XU9Ck0Wj4d793LOue6orGcnetE+RgMcvOtyfG+VyOfSi0Yzr3ZiWw== Completed in 9ms
134 timing metavuln:cache:get:security-advisory:wide-align:Wqz3XbNZ7TpL5xlvylpEAtzvuEMdLyqgIseQu1jnX/GLXGW23bqxL8f5MmMuMSkDSJATeM8ON0buq8NeCr/TTQ== Completed in 9ms
135 http fetch GET 200 https://registry.npmjs.org/wide-align 10ms (cache hit)
136 timing metavuln:packument:wide-align Completed in 12ms
137 timing metavuln:load:security-advisory:wide-align:z8iR7PVusZCDbQbpBbfUOlp4nWW5lica+XU9Ck0Wj4d793LOue6orGcnetE+RgMcvOtyfG+VyOfSi0Yzr3ZiWw== Completed in 0ms
138 timing metavuln:calculate:security-advisory:wide-align:z8iR7PVusZCDbQbpBbfUOlp4nWW5lica+XU9Ck0Wj4d793LOue6orGcnetE+RgMcvOtyfG+VyOfSi0Yzr3ZiWw== Completed in 12ms
139 timing metavuln:cache:get:security-advisory:cliui:YvvwN3bPbpjXv4F1ffT9cm5JB9+i7WRwRf1M+p+fSCpbKcM/RmEuIXTOH4OS9E3TQgOYTBM0HKslgem1lsj+nQ== Completed in 1ms
140 timing metavuln:load:security-advisory:cliui:GHlqgCTSc3dwtjMoQl6niHwnwCGUim0UjGppBrfJQzwA3E5oOFtnX/Dq+IC4H0kqX6j5CocvPBNIsu8VJbeufA== Completed in 0ms
141 timing metavuln:calculate:security-advisory:cliui:GHlqgCTSc3dwtjMoQl6niHwnwCGUim0UjGppBrfJQzwA3E5oOFtnX/Dq+IC4H0kqX6j5CocvPBNIsu8VJbeufA== Completed in 2ms
142 timing metavuln:cache:get:security-advisory:mocha:ARlKt5/JdyRHwoGfdH5AqhXv9qv6x6wJVkn80eaPbIbRFejZE3SmZcqM3rteM3k87m44G4jP8HWCnIm71YOjWw== Completed in 4ms
143 timing metavuln:cache:get:security-advisory:nyc:pr3dYFriWiyMozTCO+d9MyQ32k694B3oKPH8vnXEQh7Qv/g0ipUbuTE7MuOO2OkPp+OcGysn03kf0a+8gF2YXA== Completed in 5ms
144 timing metavuln:cache:get:security-advisory:yargs-unparser:qZuMnrJfW5mV6YA51PTnktvYlxNd6ThYYUBN81uuCR/E71uXED5iLZ1OT6KL4Fx98ZzCtt9g3i7t/D0o3dERkQ== Completed in 4ms
145 http fetch GET 200 https://registry.npmjs.org/mocha 9ms (cache hit)
146 timing metavuln:packument:mocha Completed in 14ms
147 timing metavuln:load:security-advisory:mocha:sEQW/iRTpyQRNB6hQsxF7xOlMLlyV4sqa2brC9oz1fcV33UocNP/jtG9oNUHw7v4JTvcrzNRdQEGFoHvXqJiXA== Completed in 3ms
148 timing metavuln:calculate:security-advisory:mocha:sEQW/iRTpyQRNB6hQsxF7xOlMLlyV4sqa2brC9oz1fcV33UocNP/jtG9oNUHw7v4JTvcrzNRdQEGFoHvXqJiXA== Completed in 17ms
149 http fetch GET 200 https://registry.npmjs.org/yargs-unparser 16ms (cache hit)
150 timing metavuln:packument:yargs-unparser Completed in 17ms
151 timing metavuln:load:security-advisory:yargs-unparser:sEQW/iRTpyQRNB6hQsxF7xOlMLlyV4sqa2brC9oz1fcV33UocNP/jtG9oNUHw7v4JTvcrzNRdQEGFoHvXqJiXA== Completed in 0ms
152 timing metavuln:calculate:security-advisory:yargs-unparser:sEQW/iRTpyQRNB6hQsxF7xOlMLlyV4sqa2brC9oz1fcV33UocNP/jtG9oNUHw7v4JTvcrzNRdQEGFoHvXqJiXA== Completed in 17ms
153 http fetch GET 200 https://registry.npmjs.org/nyc 19ms (cache hit)
154 timing metavuln:packument:nyc Completed in 22ms
155 timing metavuln:load:security-advisory:nyc:sEQW/iRTpyQRNB6hQsxF7xOlMLlyV4sqa2brC9oz1fcV33UocNP/jtG9oNUHw7v4JTvcrzNRdQEGFoHvXqJiXA== Completed in 1ms
156 timing metavuln:calculate:security-advisory:nyc:sEQW/iRTpyQRNB6hQsxF7xOlMLlyV4sqa2brC9oz1fcV33UocNP/jtG9oNUHw7v4JTvcrzNRdQEGFoHvXqJiXA== Completed in 23ms
157 timing metavuln:cache:get:security-advisory:mocha:r88uz1cgBHzj6SLvWaPkhKHqlT+MxhtIShAOOFBuS6TGCwBUvyBJbAZdZsXraGR8dzbfF3agZvUlkqTXOmye9w== Completed in 6ms
158 timing metavuln:load:security-advisory:mocha:qZuMnrJfW5mV6YA51PTnktvYlxNd6ThYYUBN81uuCR/E71uXED5iLZ1OT6KL4Fx98ZzCtt9g3i7t/D0o3dERkQ== Completed in 2ms
159 timing metavuln:calculate:security-advisory:mocha:qZuMnrJfW5mV6YA51PTnktvYlxNd6ThYYUBN81uuCR/E71uXED5iLZ1OT6KL4Fx98ZzCtt9g3i7t/D0o3dERkQ== Completed in 8ms
160 timing auditReport:init Completed in 369ms
161 timing reify:audit Completed in 641ms
162 timing reify Completed in 1232ms
163 timing command:install Completed in 1271ms
164 verbose exit 0
165 timing npm Completed in 1500ms
166 info ok
